Random bytes:
f94f9b8393402beba2e4fa6040c281cb2958170d017358f73fda6cb3b7f8e05a
f94f9b8393402beba2e4fa6040c281cb2958170d017358f73fda6cb3b7f8e05a
P: 0
R: 0
R2: 0
Starting scalar multiplication
Bit 255 after doubling: Q = (INFINITY), infinity=1
Bit 254 after doubling: Q = (INFINITY), infinity=1
Bit 253 after doubling: Q = (INFINITY), infinity=1
Bit 253 after addition: Q = (a60b48fc47669978c08969e277f21b358a52380304b51ac37cf27b188d034f7e,9e04b79d227873d1ba7dade63ce98229293d9ac69f7430db7775510db8ed040), infinity=0
Bit 252 after doubling: Q = (INFINITY), infinity=3
Bit 252 after addition: Q = (a60b48fc47669978c08969e277f21b358a52380304b51ac37cf27b188d034f7e,9e04b79d227873d1ba7dade63ce98229293d9ac69f7430db7775510db8ed040), infinity=0
Bit 251 after doubling: Q = (INFINITY), infinity=3
Bit 251 after addition: Q = (a60b48fc47669978c08969e277f21b358a52380304b51ac37cf27b188d034f7e,9e04b79d227873d1ba7dade63ce98229293d9ac69f7430db7775510db8ed040), infinity=0
Bit 250 after doubling: Q = (INFINITY), infinity=3
Bit 250 after addition: Q = (a60b48fc47669978c08969e277f21b358a52380304b51ac37cf27b188d034f7e,9e04b79d227873d1ba7dade63ce98229293d9ac69f7430db7775510db8ed040), infinity=0
Bit 249 after doubling: Q = (INFINITY), infinity=3
Bit 249 after addition: Q = (a60b48fc47669978c08969e277f21b358a52380304b51ac37cf27b188d034f7e,9e04b79d227873d1ba7dade63ce98229293d9ac69f7430db7775510db8ed040), infinity=0
Bit 248 after doubling: Q = (INFINITY), infinity=3
Bit 248 after addition: Q = (a60b48fc47669978c08969e277f21b358a52380304b51ac37cf27b188d034f7e,9e04b79d227873d1ba7dade63ce98229293d9ac69f7430db7775510db8ed040), infinity=0
Bit 247 after doubling: Q = (INFINITY), infinity=3
Bit 247 after addition: Q = (a60b48fc47669978c08969e277f21b358a52380304b51ac37cf27b188d034f7e,9e04b79d227873d1ba7dade63ce98229293d9ac69f7430db7775510db8ed040), infinity=0
Bit 246 after doubling: Q = (INFINITY), infinity=3
Bit 246 after addition: Q = (a60b48fc47669978c08969e277f21b358a52380304b51ac37cf27b188d034f7e,9e04b79d227873d1ba7dade63ce98229293d9ac69f7430db7775510db8ed040), infinity=0
Bit 245 after doubling: Q = (INFINITY), infinity=3
Bit 244 after doubling: Q = (INFINITY), infinity=3
Bit 244 after addition: Q = (a60b48fc47669978c08969e277f21b358a52380304b51ac37cf27b188d034f7e,9e04b79d227873d1ba7dade63ce98229293d9ac69f7430db7775510db8ed040), infinity=0
Bit 243 after doubling: Q = (INFINITY), infinity=3
Bit 243 after addition: Q = (a60b48fc47669978c08969e277f21b358a52380304b51ac37cf27b188d034f7e,9e04b79d227873d1ba7dade63ce98229293d9ac69f7430db7775510db8ed040), infinity=0
Bit 242 after doubling: Q = (INFINITY), infinity=3
Bit 241 after doubling: Q = (INFINITY), infinity=3
Bit 241 after addition: Q = (a60b48fc47669978c08969e277f21b358a52380304b51ac37cf27b188d034f7e,9e04b79d227873d1ba7dade63ce98229293d9ac69f7430db7775510db8ed040), infinity=0
Bit 240 after doubling: Q = (INFINITY), infinity=3
Bit 239 after doubling: Q = (INFINITY), infinity=3
Bit 238 after doubling: Q = (INFINITY), infinity=3
Bit 238 after addition: Q = (a60b48fc47669978c08969e277f21b358a52380304b51ac37cf27b188d034f7e,9e04b79d227873d1ba7dade63ce98229293d9ac69f7430db7775510db8ed040), infinity=0
Bit 237 after doubling: Q = (INFINITY), infinity=3
Bit 237 after addition: Q = (a60b48fc47669978c08969e277f21b358a52380304b51ac37cf27b188d034f7e,9e04b79d227873d1ba7dade63ce98229293d9ac69f7430db7775510db8ed040), infinity=0
Bit 236 after doubling: Q = (INFINITY), infinity=3
Bit 235 after doubling: Q = (INFINITY), infinity=3
Bit 235 after addition: Q = (a60b48fc47669978c08969e277f21b358a52380304b51ac37cf27b188d034f7e,9e04b79d227873d1ba7dade63ce98229293d9ac69f7430db7775510db8ed040), infinity=0
Bit 234 after doubling: Q = (INFINITY), infinity=3
Bit 234 after addition: Q = (a60b48fc47669978c08969e277f21b358a52380304b51ac37cf27b188d034f7e,9e04b79d227873d1ba7dade63ce98229293d9ac69f7430db7775510db8ed040), infinity=0
Bit 233 after doubling: Q = (INFINITY), infinity=3
Bit 232 after doubling: Q = (INFINITY), infinity=3
Bit 231 after doubling: Q = (INFINITY), infinity=3
Bit 231 after addition: Q = (a60b48fc47669978c08969e277f21b358a52380304b51ac37cf27b188d034f7e,9e04b79d227873d1ba7dade63ce98229293d9ac69f7430db7775510db8ed040), infinity=0
Bit 230 after doubling: Q = (INFINITY), infinity=3
Bit 229 after doubling: Q = (INFINITY), infinity=3
Bit 229 after addition: Q = (a60b48fc47669978c08969e277f21b358a52380304b51ac37cf27b188d034f7e,9e04b79d227873d1ba7dade63ce98229293d9ac69f7430db7775510db8ed040), infinity=0
Bit 228 after doubling: Q = (INFINITY), infinity=3
Bit 228 after addition: Q = (a60b48fc47669978c08969e277f21b358a52380304b51ac37cf27b188d034f7e,9e04b79d227873d1ba7dade63ce98229293d9ac69f7430db7775510db8ed040), infinity=0
Bit 227 after doubling: Q = (INFINITY), infinity=3
Bit 226 after doubling: Q = (INFINITY), infinity=3
Bit 225 after doubling: Q = (INFINITY), infinity=3
Bit 225 after addition: Q = (a60b48fc47669978c08969e277f21b358a52380304b51ac37cf27b188d034f7e,9e04b79d227873d1ba7dade63ce98229293d9ac69f7430db7775510db8ed040), infinity=0
Bit 224 after doubling: Q = (INFINITY), infinity=3
Bit 224 after addition: Q = (a60b48fc47669978c08969e277f21b358a52380304b51ac37cf27b188d034f7e,9e04b79d227873d1ba7dade63ce98229293d9ac69f7430db7775510db8ed040), infinity=0
Bit 223 after doubling: Q = (INFINITY), infinity=3
Bit 223 after addition: Q = (a60b48fc47669978c08969e277f21b358a52380304b51ac37cf27b188d034f7e,9e04b79d227873d1ba7dade63ce98229293d9ac69f7430db7775510db8ed040), infinity=0
Bit 222 after doubling: Q = (INFINITY), infinity=3
Bit 221 after doubling: Q = (INFINITY), infinity=3
Bit 221 after addition: Q = (a60b48fc47669978c08969e277f21b358a52380304b51ac37cf27b188d034f7e,9e04b79d227873d1ba7dade63ce98229293d9ac69f7430db7775510db8ed040), infinity=0
Bit 220 after doubling: Q = (INFINITY), infinity=3
Bit 220 after addition: Q = (a60b48fc47669978c08969e277f21b358a52380304b51ac37cf27b188d034f7e,9e04b79d227873d1ba7dade63ce98229293d9ac69f7430db7775510db8ed040), infinity=0
Bit 219 after doubling: Q = (INFINITY), infinity=3
Bit 218 after doubling: Q = (INFINITY), infinity=3
Bit 218 after addition: Q = (a60b48fc47669978c08969e277f21b358a52380304b51ac37cf27b188d034f7e,9e04b79d227873d1ba7dade63ce98229293d9ac69f7430db7775510db8ed040), infinity=0
Bit 217 after doubling: Q = (INFINITY), infinity=3
Bit 217 after addition: Q = (a60b48fc47669978c08969e277f21b358a52380304b51ac37cf27b188d034f7e,9e04b79d227873d1ba7dade63ce98229293d9ac69f7430db7775510db8ed040), infinity=0
Bit 216 after doubling: Q = (INFINITY), infinity=3
Bit 216 after addition: Q = (a60b48fc47669978c08969e277f21b358a52380304b51ac37cf27b188d034f7e,9e04b79d227873d1ba7dade63ce98229293d9ac69f7430db7775510db8ed040), infinity=0
Bit 215 after doubling: Q = (INFINITY), infinity=3
Bit 215 after addition: Q = (a60b48fc47669978c08969e277f21b358a52380304b51ac37cf27b188d034f7e,9e04b79d227873d1ba7dade63ce98229293d9ac69f7430db7775510db8ed040), infinity=0
Bit 214 after doubling: Q = (INFINITY), infinity=3
Bit 214 after addition: Q = (a60b48fc47669978c08969e277f21b358a52380304b51ac37cf27b188d034f7e,9e04b79d227873d1ba7dade63ce98229293d9ac69f7430db7775510db8ed040), infinity=0
Bit 213 after doubling: Q = (INFINITY), infinity=3
Bit 213 after addition: Q = (a60b48fc47669978c08969e277f21b358a52380304b51ac37cf27b188d034f7e,9e04b79d227873d1ba7dade63ce98229293d9ac69f7430db7775510db8ed040), infinity=0
Bit 212 after doubling: Q = (INFINITY), infinity=3
Bit 212 after addition: Q = (a60b48fc47669978c08969e277f21b358a52380304b51ac37cf27b188d034f7e,9e04b79d227873d1ba7dade63ce98229293d9ac69f7430db7775510db8ed040), infinity=0
Bit 211 after doubling: Q = (INFINITY), infinity=3
Bit 211 after addition: Q = (a60b48fc47669978c08969e277f21b358a52380304b51ac37cf27b188d034f7e,9e04b79d227873d1ba7dade63ce98229293d9ac69f7430db7775510db8ed040), infinity=0
Bit 210 after doubling: Q = (INFINITY), infinity=3
Bit 209 after doubling: Q = (INFINITY), infinity=3
Bit 208 after doubling: Q = (INFINITY), infinity=3
Bit 207 after doubling: Q = (INFINITY), infinity=3
Bit 207 after addition: Q = (a60b48fc47669978c08969e277f21b358a52380304b51ac37cf27b188d034f7e,9e04b79d227873d1ba7dade63ce98229293d9ac69f7430db7775510db8ed040), infinity=0
Bit 206 after doubling: Q = (INFINITY), infinity=3
Bit 206 after addition: Q = (a60b48fc47669978c08969e277f21b358a52380304b51ac37cf27b188d034f7e,9e04b79d227873d1ba7dade63ce98229293d9ac69f7430db7775510db8ed040), infinity=0
Bit 205 after doubling: Q = (INFINITY), infinity=3
Bit 205 after addition: Q = (a60b48fc47669978c08969e277f21b358a52380304b51ac37cf27b188d034f7e,9e04b79d227873d1ba7dade63ce98229293d9ac69f7430db7775510db8ed040), infinity=0
Bit 204 after doubling: Q = (INFINITY), infinity=3
Bit 203 after doubling: Q = (INFINITY), infinity=3
Bit 202 after doubling: Q = (INFINITY), infinity=3
Bit 201 after doubling: Q = (INFINITY), infinity=3
Bit 200 after doubling: Q = (INFINITY), infinity=3
Bit 199 after doubling: Q = (INFINITY), infinity=3
Bit 198 after doubling: Q = (INFINITY), infinity=3
Bit 198 after addition: Q = (a60b48fc47669978c08969e277f21b358a52380304b51ac37cf27b188d034f7e,9e04b79d227873d1ba7dade63ce98229293d9ac69f7430db7775510db8ed040), infinity=0
Bit 197 after doubling: Q = (INFINITY), infinity=3
Bit 196 after doubling: Q = (INFINITY), infinity=3
Bit 196 after addition: Q = (a60b48fc47669978c08969e277f21b358a52380304b51ac37cf27b188d034f7e,9e04b79d227873d1ba7dade63ce98229293d9ac69f7430db7775510db8ed040), infinity=0
Bit 195 after doubling: Q = (INFINITY), infinity=3
Bit 195 after addition: Q = (a60b48fc47669978c08969e277f21b358a52380304b51ac37cf27b188d034f7e,9e04b79d227873d1ba7dade63ce98229293d9ac69f7430db7775510db8ed040), infinity=0
Bit 194 after doubling: Q = (INFINITY), infinity=3
Bit 193 after doubling: Q = (INFINITY), infinity=3
Bit 193 after addition: Q = (a60b48fc47669978c08969e277f21b358a52380304b51ac37cf27b188d034f7e,9e04b79d227873d1ba7dade63ce98229293d9ac69f7430db7775510db8ed040), infinity=0
Bit 192 after doubling: Q = (INFINITY), infinity=3
Bit 191 after doubling: Q = (INFINITY), infinity=3
Bit 190 after doubling: Q = (INFINITY), infinity=3
Bit 189 after doubling: Q = (INFINITY), infinity=3
Bit 189 after addition: Q = (a60b48fc47669978c08969e277f21b358a52380304b51ac37cf27b188d034f7e,9e04b79d227873d1ba7dade63ce98229293d9ac69f7430db7775510db8ed040), infinity=0
Bit 188 after doubling: Q = (INFINITY), infinity=3
Bit 187 after doubling: Q = (INFINITY), infinity=3
Bit 187 after addition: Q = (a60b48fc47669978c08969e277f21b358a52380304b51ac37cf27b188d034f7e,9e04b79d227873d1ba7dade63ce98229293d9ac69f7430db7775510db8ed040), infinity=0
Bit 186 after doubling: Q = (INFINITY), infinity=3
Bit 185 after doubling: Q = (INFINITY), infinity=3
Bit 184 after doubling: Q = (INFINITY), infinity=3
Bit 184 after addition: Q = (a60b48fc47669978c08969e277f21b358a52380304b51ac37cf27b188d034f7e,9e04b79d227873d1ba7dade63ce98229293d9ac69f7430db7775510db8ed040), infinity=0
Bit 183 after doubling: Q = (INFINITY), infinity=3
Bit 182 after doubling: Q = (INFINITY), infinity=3
Bit 182 after addition: Q = (a60b48fc47669978c08969e277f21b358a52380304b51ac37cf27b188d034f7e,9e04b79d227873d1ba7dade63ce98229293d9ac69f7430db7775510db8ed040), infinity=0
Bit 181 after doubling: Q = (INFINITY), infinity=3
Bit 180 after doubling: Q = (INFINITY), infinity=3
Bit 180 after addition: Q = (a60b48fc47669978c08969e277f21b358a52380304b51ac37cf27b188d034f7e,9e04b79d227873d1ba7dade63ce98229293d9ac69f7430db7775510db8ed040), infinity=0
Bit 179 after doubling: Q = (INFINITY), infinity=3
Bit 179 after addition: Q = (a60b48fc47669978c08969e277f21b358a52380304b51ac37cf27b188d034f7e,9e04b79d227873d1ba7dade63ce98229293d9ac69f7430db7775510db8ed040), infinity=0
Bit 178 after doubling: Q = (INFINITY), infinity=3
Bit 177 after doubling: Q = (INFINITY), infinity=3
Bit 176 after doubling: Q = (INFINITY), infinity=3
Bit 175 after doubling: Q = (INFINITY), infinity=3
Bit 174 after doubling: Q = (INFINITY), infinity=3
Bit 173 after doubling: Q = (INFINITY), infinity=3
Bit 172 after doubling: Q = (INFINITY), infinity=3
Bit 172 after addition: Q = (a60b48fc47669978c08969e277f21b358a52380304b51ac37cf27b188d034f7e,9e04b79d227873d1ba7dade63ce98229293d9ac69f7430db7775510db8ed040), infinity=0
Bit 171 after doubling: Q = (INFINITY), infinity=3
Bit 170 after doubling: Q = (INFINITY), infinity=3
Bit 170 after addition: Q = (a60b48fc47669978c08969e277f21b358a52380304b51ac37cf27b188d034f7e,9e04b79d227873d1ba7dade63ce98229293d9ac69f7430db7775510db8ed040), infinity=0
Bit 169 after doubling: Q = (INFINITY), infinity=3
Bit 169 after addition: Q = (a60b48fc47669978c08969e277f21b358a52380304b51ac37cf27b188d034f7e,9e04b79d227873d1ba7dade63ce98229293d9ac69f7430db7775510db8ed040), infinity=0
Bit 168 after doubling: Q = (INFINITY), infinity=3
Bit 168 after addition: Q = (a60b48fc47669978c08969e277f21b358a52380304b51ac37cf27b188d034f7e,9e04b79d227873d1ba7dade63ce98229293d9ac69f7430db7775510db8ed040), infinity=0
Bit 167 after doubling: Q = (INFINITY), infinity=3
Bit 166 after doubling: Q = (INFINITY), infinity=3
Bit 165 after doubling: Q = (INFINITY), infinity=3
Bit 164 after doubling: Q = (INFINITY), infinity=3
Bit 163 after doubling: Q = (INFINITY), infinity=3
Bit 163 after addition: Q = (a60b48fc47669978c08969e277f21b358a52380304b51ac37cf27b188d034f7e,9e04b79d227873d1ba7dade63ce98229293d9ac69f7430db7775510db8ed040), infinity=0
Bit 162 after doubling: Q = (INFINITY), infinity=3
Bit 162 after addition: Q = (a60b48fc47669978c08969e277f21b358a52380304b51ac37cf27b188d034f7e,9e04b79d227873d1ba7dade63ce98229293d9ac69f7430db7775510db8ed040), infinity=0
Bit 161 after doubling: Q = (INFINITY), infinity=3
Bit 160 after doubling: Q = (INFINITY), infinity=3
Bit 160 after addition: Q = (a60b48fc47669978c08969e277f21b358a52380304b51ac37cf27b188d034f7e,9e04b79d227873d1ba7dade63ce98229293d9ac69f7430db7775510db8ed040), infinity=0
Bit 159 after doubling: Q = (INFINITY), infinity=3
Bit 158 after doubling: Q = (INFINITY), infinity=3
Bit 157 after doubling: Q = (INFINITY), infinity=3
Bit 156 after doubling: Q = (INFINITY), infinity=3
Bit 155 after doubling: Q = (INFINITY), infinity=3
Bit 154 after doubling: Q = (INFINITY), infinity=3
Bit 153 after doubling: Q = (INFINITY), infinity=3
Bit 152 after doubling: Q = (INFINITY), infinity=3
Bit 152 after addition: Q = (a60b48fc47669978c08969e277f21b358a52380304b51ac37cf27b188d034f7e,9e04b79d227873d1ba7dade63ce98229293d9ac69f7430db7775510db8ed040), infinity=0
Bit 151 after doubling: Q = (INFINITY), infinity=3
Bit 150 after doubling: Q = (INFINITY), infinity=3
Bit 150 after addition: Q = (a60b48fc47669978c08969e277f21b358a52380304b51ac37cf27b188d034f7e,9e04b79d227873d1ba7dade63ce98229293d9ac69f7430db7775510db8ed040), infinity=0
Bit 149 after doubling: Q = (INFINITY), infinity=3
Bit 149 after addition: Q = (a60b48fc47669978c08969e277f21b358a52380304b51ac37cf27b188d034f7e,9e04b79d227873d1ba7dade63ce98229293d9ac69f7430db7775510db8ed040), infinity=0
Bit 148 after doubling: Q = (INFINITY), infinity=3
Bit 148 after addition: Q = (a60b48fc47669978c08969e277f21b358a52380304b51ac37cf27b188d034f7e,9e04b79d227873d1ba7dade63ce98229293d9ac69f7430db7775510db8ed040), infinity=0
Bit 147 after doubling: Q = (INFINITY), infinity=3
Bit 146 after doubling: Q = (INFINITY), infinity=3
Bit 145 after doubling: Q = (INFINITY), infinity=3
Bit 145 after addition: Q = (a60b48fc47669978c08969e277f21b358a52380304b51ac37cf27b188d034f7e,9e04b79d227873d1ba7dade63ce98229293d9ac69f7430db7775510db8ed040), infinity=0
Bit 144 after doubling: Q = (INFINITY), infinity=3
Bit 144 after addition: Q = (a60b48fc47669978c08969e277f21b358a52380304b51ac37cf27b188d034f7e,9e04b79d227873d1ba7dade63ce98229293d9ac69f7430db7775510db8ed040), infinity=0
Bit 143 after doubling: Q = (INFINITY), infinity=3
Bit 142 after doubling: Q = (INFINITY), infinity=3
Bit 142 after addition: Q = (a60b48fc47669978c08969e277f21b358a52380304b51ac37cf27b188d034f7e,9e04b79d227873d1ba7dade63ce98229293d9ac69f7430db7775510db8ed040), infinity=0
Bit 141 after doubling: Q = (INFINITY), infinity=3
Bit 140 after doubling: Q = (INFINITY), infinity=3
Bit 140 after addition: Q = (a60b48fc47669978c08969e277f21b358a52380304b51ac37cf27b188d034f7e,9e04b79d227873d1ba7dade63ce98229293d9ac69f7430db7775510db8ed040), infinity=0
Bit 139 after doubling: Q = (INFINITY), infinity=3
Bit 139 after addition: Q = (a60b48fc47669978c08969e277f21b358a52380304b51ac37cf27b188d034f7e,9e04b79d227873d1ba7dade63ce98229293d9ac69f7430db7775510db8ed040), infinity=0
Bit 138 after doubling: Q = (INFINITY), infinity=3
Bit 137 after doubling: Q = (INFINITY), infinity=3
Bit 136 after doubling: Q = (INFINITY), infinity=3
Bit 135 after doubling: Q = (INFINITY), infinity=3
Bit 135 after addition: Q = (a60b48fc47669978c08969e277f21b358a52380304b51ac37cf27b188d034f7e,9e04b79d227873d1ba7dade63ce98229293d9ac69f7430db7775510db8ed040), infinity=0
Bit 134 after doubling: Q = (INFINITY), infinity=3
Bit 134 after addition: Q = (a60b48fc47669978c08969e277f21b358a52380304b51ac37cf27b188d034f7e,9e04b79d227873d1ba7dade63ce98229293d9ac69f7430db7775510db8ed040), infinity=0
Bit 133 after doubling: Q = (INFINITY), infinity=3
Bit 133 after addition: Q = (a60b48fc47669978c08969e277f21b358a52380304b51ac37cf27b188d034f7e,9e04b79d227873d1ba7dade63ce98229293d9ac69f7430db7775510db8ed040), infinity=0
Bit 132 after doubling: Q = (INFINITY), infinity=3
Bit 132 after addition: Q = (a60b48fc47669978c08969e277f21b358a52380304b51ac37cf27b188d034f7e,9e04b79d227873d1ba7dade63ce98229293d9ac69f7430db7775510db8ed040), infinity=0
Bit 131 after doubling: Q = (INFINITY), infinity=3
Bit 130 after doubling: Q = (INFINITY), infinity=3
Bit 130 after addition: Q = (a60b48fc47669978c08969e277f21b358a52380304b51ac37cf27b188d034f7e,9e04b79d227873d1ba7dade63ce98229293d9ac69f7430db7775510db8ed040), infinity=0
Bit 129 after doubling: Q = (INFINITY), infinity=3
Bit 129 after addition: Q = (a60b48fc47669978c08969e277f21b358a52380304b51ac37cf27b188d034f7e,9e04b79d227873d1ba7dade63ce98229293d9ac69f7430db7775510db8ed040), infinity=0
Bit 128 after doubling: Q = (INFINITY), infinity=3
Bit 128 after addition: Q = (a60b48fc47669978c08969e277f21b358a52380304b51ac37cf27b188d034f7e,9e04b79d227873d1ba7dade63ce98229293d9ac69f7430db7775510db8ed040), infinity=0
Bit 127 after doubling: Q = (INFINITY), infinity=3
Bit 127 after addition: Q = (a60b48fc47669978c08969e277f21b358a52380304b51ac37cf27b188d034f7e,9e04b79d227873d1ba7dade63ce98229293d9ac69f7430db7775510db8ed040), infinity=0
Bit 126 after doubling: Q = (INFINITY), infinity=3
Bit 125 after doubling: Q = (INFINITY), infinity=3
Bit 125 after addition: Q = (a60b48fc47669978c08969e277f21b358a52380304b51ac37cf27b188d034f7e,9e04b79d227873d1ba7dade63ce98229293d9ac69f7430db7775510db8ed040), infinity=0
Bit 124 after doubling: Q = (INFINITY), infinity=3
Bit 123 after doubling: Q = (INFINITY), infinity=3
Bit 122 after doubling: Q = (INFINITY), infinity=3
Bit 121 after doubling: Q = (INFINITY), infinity=3
Bit 121 after addition: Q = (a60b48fc47669978c08969e277f21b358a52380304b51ac37cf27b188d034f7e,9e04b79d227873d1ba7dade63ce98229293d9ac69f7430db7775510db8ed040), infinity=0
Bit 120 after doubling: Q = (INFINITY), infinity=3
Bit 119 after doubling: Q = (INFINITY), infinity=3
Bit 119 after addition: Q = (a60b48fc47669978c08969e277f21b358a52380304b51ac37cf27b188d034f7e,9e04b79d227873d1ba7dade63ce98229293d9ac69f7430db7775510db8ed040), infinity=0
Bit 118 after doubling: Q = (INFINITY), infinity=3
Bit 118 after addition: Q = (a60b48fc47669978c08969e277f21b358a52380304b51ac37cf27b188d034f7e,9e04b79d227873d1ba7dade63ce98229293d9ac69f7430db7775510db8ed040), infinity=0
Bit 117 after doubling: Q = (INFINITY), infinity=3
Bit 117 after addition: Q = (a60b48fc47669978c08969e277f21b358a52380304b51ac37cf27b188d034f7e,9e04b79d227873d1ba7dade63ce98229293d9ac69f7430db7775510db8ed040), infinity=0
Bit 116 after doubling: Q = (INFINITY), infinity=3
Bit 115 after doubling: Q = (INFINITY), infinity=3
Bit 114 after doubling: Q = (INFINITY), infinity=3
Bit 114 after addition: Q = (a60b48fc47669978c08969e277f21b358a52380304b51ac37cf27b188d034f7e,9e04b79d227873d1ba7dade63ce98229293d9ac69f7430db7775510db8ed040), infinity=0
Bit 113 after doubling: Q = (INFINITY), infinity=3
Bit 112 after doubling: Q = (INFINITY), infinity=3
Bit 111 after doubling: Q = (INFINITY), infinity=3
Bit 111 after addition: Q = (a60b48fc47669978c08969e277f21b358a52380304b51ac37cf27b188d034f7e,9e04b79d227873d1ba7dade63ce98229293d9ac69f7430db7775510db8ed040), infinity=0
Bit 110 after doubling: Q = (INFINITY), infinity=3
Bit 110 after addition: Q = (a60b48fc47669978c08969e277f21b358a52380304b51ac37cf27b188d034f7e,9e04b79d227873d1ba7dade63ce98229293d9ac69f7430db7775510db8ed040), infinity=0
Bit 109 after doubling: Q = (INFINITY), infinity=3
Bit 109 after addition: Q = (a60b48fc47669978c08969e277f21b358a52380304b51ac37cf27b188d034f7e,9e04b79d227873d1ba7dade63ce98229293d9ac69f7430db7775510db8ed040), infinity=0
Bit 108 after doubling: Q = (INFINITY), infinity=3
Bit 108 after addition: Q = (a60b48fc47669978c08969e277f21b358a52380304b51ac37cf27b188d034f7e,9e04b79d227873d1ba7dade63ce98229293d9ac69f7430db7775510db8ed040), infinity=0
Bit 107 after doubling: Q = (INFINITY), infinity=3
Bit 107 after addition: Q = (a60b48fc47669978c08969e277f21b358a52380304b51ac37cf27b188d034f7e,9e04b79d227873d1ba7dade63ce98229293d9ac69f7430db7775510db8ed040), infinity=0
Bit 106 after doubling: Q = (INFINITY), infinity=3
Bit 105 after doubling: Q = (INFINITY), infinity=3
Bit 105 after addition: Q = (a60b48fc47669978c08969e277f21b358a52380304b51ac37cf27b188d034f7e,9e04b79d227873d1ba7dade63ce98229293d9ac69f7430db7775510db8ed040), infinity=0
Bit 104 after doubling: Q = (INFINITY), infinity=3
Bit 103 after doubling: Q = (INFINITY), infinity=3
Bit 102 after doubling: Q = (INFINITY), infinity=3
Bit 102 after addition: Q = (a60b48fc47669978c08969e277f21b358a52380304b51ac37cf27b188d034f7e,9e04b79d227873d1ba7dade63ce98229293d9ac69f7430db7775510db8ed040), infinity=0
Bit 101 after doubling: Q = (INFINITY), infinity=3
Bit 101 after addition: Q = (a60b48fc47669978c08969e277f21b358a52380304b51ac37cf27b188d034f7e,9e04b79d227873d1ba7dade63ce98229293d9ac69f7430db7775510db8ed040), infinity=0
Bit 100 after doubling: Q = (INFINITY), infinity=3
Bit  99 after doubling: Q = (INFINITY), infinity=3
Bit  98 after doubling: Q = (INFINITY), infinity=3
Bit  97 after doubling: Q = (INFINITY), infinity=3
Bit  96 after doubling: Q = (INFINITY), infinity=3
Bit  95 after doubling: Q = (INFINITY), infinity=3
Bit  94 after doubling: Q = (INFINITY), infinity=3
Bit  94 after addition: Q = (a60b48fc47669978c08969e277f21b358a52380304b51ac37cf27b188d034f7e,9e04b79d227873d1ba7dade63ce98229293d9ac69f7430db7775510db8ed040), infinity=0
Bit  93 after doubling: Q = (INFINITY), infinity=3
Bit  92 after doubling: Q = (INFINITY), infinity=3
Bit  91 after doubling: Q = (INFINITY), infinity=3
Bit  90 after doubling: Q = (INFINITY), infinity=3
Bit  89 after doubling: Q = (INFINITY), infinity=3
Bit  88 after doubling: Q = (INFINITY), infinity=3
Bit  87 after doubling: Q = (INFINITY), infinity=3
Bit  87 after addition: Q = (a60b48fc47669978c08969e277f21b358a52380304b51ac37cf27b188d034f7e,9e04b79d227873d1ba7dade63ce98229293d9ac69f7430db7775510db8ed040), infinity=0
Bit  86 after doubling: Q = (INFINITY), infinity=3
Bit  86 after addition: Q = (a60b48fc47669978c08969e277f21b358a52380304b51ac37cf27b188d034f7e,9e04b79d227873d1ba7dade63ce98229293d9ac69f7430db7775510db8ed040), infinity=0
Bit  85 after doubling: Q = (INFINITY), infinity=3
Bit  84 after doubling: Q = (INFINITY), infinity=3
Bit  83 after doubling: Q = (INFINITY), infinity=3
Bit  82 after doubling: Q = (INFINITY), infinity=3
Bit  81 after doubling: Q = (INFINITY), infinity=3
Bit  81 after addition: Q = (a60b48fc47669978c08969e277f21b358a52380304b51ac37cf27b188d034f7e,9e04b79d227873d1ba7dade63ce98229293d9ac69f7430db7775510db8ed040), infinity=0
Bit  80 after doubling: Q = (INFINITY), infinity=3
Bit  79 after doubling: Q = (INFINITY), infinity=3
Bit  79 after addition: Q = (a60b48fc47669978c08969e277f21b358a52380304b51ac37cf27b188d034f7e,9e04b79d227873d1ba7dade63ce98229293d9ac69f7430db7775510db8ed040), infinity=0
Bit  78 after doubling: Q = (INFINITY), infinity=3
Bit  77 after doubling: Q = (INFINITY), infinity=3
Bit  76 after doubling: Q = (INFINITY), infinity=3
Bit  75 after doubling: Q = (INFINITY), infinity=3
Bit  74 after doubling: Q = (INFINITY), infinity=3
Bit  73 after doubling: Q = (INFINITY), infinity=3
Bit  72 after doubling: Q = (INFINITY), infinity=3
Bit  72 after addition: Q = (a60b48fc47669978c08969e277f21b358a52380304b51ac37cf27b188d034f7e,9e04b79d227873d1ba7dade63ce98229293d9ac69f7430db7775510db8ed040), infinity=0
Bit  71 after doubling: Q = (INFINITY), infinity=3
Bit  71 after addition: Q = (a60b48fc47669978c08969e277f21b358a52380304b51ac37cf27b188d034f7e,9e04b79d227873d1ba7dade63ce98229293d9ac69f7430db7775510db8ed040), infinity=0
Bit  70 after doubling: Q = (INFINITY), infinity=3
Bit  70 after addition: Q = (a60b48fc47669978c08969e277f21b358a52380304b51ac37cf27b188d034f7e,9e04b79d227873d1ba7dade63ce98229293d9ac69f7430db7775510db8ed040), infinity=0
Bit  69 after doubling: Q = (INFINITY), infinity=3
Bit  68 after doubling: Q = (INFINITY), infinity=3
Bit  67 after doubling: Q = (INFINITY), infinity=3
Bit  67 after addition: Q = (a60b48fc47669978c08969e277f21b358a52380304b51ac37cf27b188d034f7e,9e04b79d227873d1ba7dade63ce98229293d9ac69f7430db7775510db8ed040), infinity=0
Bit  66 after doubling: Q = (INFINITY), infinity=3
Bit  65 after doubling: Q = (INFINITY), infinity=3
Bit  65 after addition: Q = (a60b48fc47669978c08969e277f21b358a52380304b51ac37cf27b188d034f7e,9e04b79d227873d1ba7dade63ce98229293d9ac69f7430db7775510db8ed040), infinity=0
Bit  64 after doubling: Q = (INFINITY), infinity=3
Bit  64 after addition: Q = (a60b48fc47669978c08969e277f21b358a52380304b51ac37cf27b188d034f7e,9e04b79d227873d1ba7dade63ce98229293d9ac69f7430db7775510db8ed040), infinity=0
Bit  63 after doubling: Q = (INFINITY), infinity=3
Bit  63 after addition: Q = (a60b48fc47669978c08969e277f21b358a52380304b51ac37cf27b188d034f7e,9e04b79d227873d1ba7dade63ce98229293d9ac69f7430db7775510db8ed040), infinity=0
Bit  62 after doubling: Q = (INFINITY), infinity=3
Bit  62 after addition: Q = (a60b48fc47669978c08969e277f21b358a52380304b51ac37cf27b188d034f7e,9e04b79d227873d1ba7dade63ce98229293d9ac69f7430db7775510db8ed040), infinity=0
Bit  61 after doubling: Q = (INFINITY), infinity=3
Bit  61 after addition: Q = (a60b48fc47669978c08969e277f21b358a52380304b51ac37cf27b188d034f7e,9e04b79d227873d1ba7dade63ce98229293d9ac69f7430db7775510db8ed040), infinity=0
Bit  60 after doubling: Q = (INFINITY), infinity=3
Bit  60 after addition: Q = (a60b48fc47669978c08969e277f21b358a52380304b51ac37cf27b188d034f7e,9e04b79d227873d1ba7dade63ce98229293d9ac69f7430db7775510db8ed040), infinity=0
Bit  59 after doubling: Q = (INFINITY), infinity=3
Bit  59 after addition: Q = (a60b48fc47669978c08969e277f21b358a52380304b51ac37cf27b188d034f7e,9e04b79d227873d1ba7dade63ce98229293d9ac69f7430db7775510db8ed040), infinity=0
Bit  58 after doubling: Q = (INFINITY), infinity=3
Bit  57 after doubling: Q = (INFINITY), infinity=3
Bit  56 after doubling: Q = (INFINITY), infinity=3
Bit  56 after addition: Q = (a60b48fc47669978c08969e277f21b358a52380304b51ac37cf27b188d034f7e,9e04b79d227873d1ba7dade63ce98229293d9ac69f7430db7775510db8ed040), infinity=0
Bit  55 after doubling: Q = (INFINITY), infinity=3
Bit  54 after doubling: Q = (INFINITY), infinity=3
Bit  54 after addition: Q = (a60b48fc47669978c08969e277f21b358a52380304b51ac37cf27b188d034f7e,9e04b79d227873d1ba7dade63ce98229293d9ac69f7430db7775510db8ed040), infinity=0
Bit  53 after doubling: Q = (INFINITY), infinity=3
Bit  52 after doubling: Q = (INFINITY), infinity=3
Bit  51 after doubling: Q = (INFINITY), infinity=3
Bit  51 after addition: Q = (a60b48fc47669978c08969e277f21b358a52380304b51ac37cf27b188d034f7e,9e04b79d227873d1ba7dade63ce98229293d9ac69f7430db7775510db8ed040), infinity=0
Bit  50 after doubling: Q = (INFINITY), infinity=3
Bit  50 after addition: Q = (a60b48fc47669978c08969e277f21b358a52380304b51ac37cf27b188d034f7e,9e04b79d227873d1ba7dade63ce98229293d9ac69f7430db7775510db8ed040), infinity=0
Bit  49 after doubling: Q = (INFINITY), infinity=3
Bit  49 after addition: Q = (a60b48fc47669978c08969e277f21b358a52380304b51ac37cf27b188d034f7e,9e04b79d227873d1ba7dade63ce98229293d9ac69f7430db7775510db8ed040), infinity=0
Bit  48 after doubling: Q = (INFINITY), infinity=3
Bit  48 after addition: Q = (a60b48fc47669978c08969e277f21b358a52380304b51ac37cf27b188d034f7e,9e04b79d227873d1ba7dade63ce98229293d9ac69f7430db7775510db8ed040), infinity=0
Bit  47 after doubling: Q = (INFINITY), infinity=3
Bit  47 after addition: Q = (a60b48fc47669978c08969e277f21b358a52380304b51ac37cf27b188d034f7e,9e04b79d227873d1ba7dade63ce98229293d9ac69f7430db7775510db8ed040), infinity=0
Bit  46 after doubling: Q = (INFINITY), infinity=3
Bit  45 after doubling: Q = (INFINITY), infinity=3
Bit  44 after doubling: Q = (INFINITY), infinity=3
Bit  44 after addition: Q = (a60b48fc47669978c08969e277f21b358a52380304b51ac37cf27b188d034f7e,9e04b79d227873d1ba7dade63ce98229293d9ac69f7430db7775510db8ed040), infinity=0
Bit  43 after doubling: Q = (INFINITY), infinity=3
Bit  43 after addition: Q = (a60b48fc47669978c08969e277f21b358a52380304b51ac37cf27b188d034f7e,9e04b79d227873d1ba7dade63ce98229293d9ac69f7430db7775510db8ed040), infinity=0
Bit  42 after doubling: Q = (INFINITY), infinity=3
Bit  41 after doubling: Q = (INFINITY), infinity=3
Bit  41 after addition: Q = (a60b48fc47669978c08969e277f21b358a52380304b51ac37cf27b188d034f7e,9e04b79d227873d1ba7dade63ce98229293d9ac69f7430db7775510db8ed040), infinity=0
Bit  40 after doubling: Q = (INFINITY), infinity=3
Bit  40 after addition: Q = (a60b48fc47669978c08969e277f21b358a52380304b51ac37cf27b188d034f7e,9e04b79d227873d1ba7dade63ce98229293d9ac69f7430db7775510db8ed040), infinity=0
Bit  39 after doubling: Q = (INFINITY), infinity=3
Bit  39 after addition: Q = (a60b48fc47669978c08969e277f21b358a52380304b51ac37cf27b188d034f7e,9e04b79d227873d1ba7dade63ce98229293d9ac69f7430db7775510db8ed040), infinity=0
Bit  38 after doubling: Q = (INFINITY), infinity=3
Bit  37 after doubling: Q = (INFINITY), infinity=3
Bit  36 after doubling: Q = (INFINITY), infinity=3
Bit  35 after doubling: Q = (INFINITY), infinity=3
Bit  34 after doubling: Q = (INFINITY), infinity=3
Bit  33 after doubling: Q = (INFINITY), infinity=3
Bit  33 after addition: Q = (a60b48fc47669978c08969e277f21b358a52380304b51ac37cf27b188d034f7e,9e04b79d227873d1ba7dade63ce98229293d9ac69f7430db7775510db8ed040), infinity=0
Bit  32 after doubling: Q = (INFINITY), infinity=3
Bit  32 after addition: Q = (a60b48fc47669978c08969e277f21b358a52380304b51ac37cf27b188d034f7e,9e04b79d227873d1ba7dade63ce98229293d9ac69f7430db7775510db8ed040), infinity=0
Bit  31 after doubling: Q = (INFINITY), infinity=3
Bit  31 after addition: Q = (a60b48fc47669978c08969e277f21b358a52380304b51ac37cf27b188d034f7e,9e04b79d227873d1ba7dade63ce98229293d9ac69f7430db7775510db8ed040), infinity=0
Bit  30 after doubling: Q = (INFINITY), infinity=3
Bit  29 after doubling: Q = (INFINITY), infinity=3
Bit  28 after doubling: Q = (INFINITY), infinity=3
Bit  28 after addition: Q = (a60b48fc47669978c08969e277f21b358a52380304b51ac37cf27b188d034f7e,9e04b79d227873d1ba7dade63ce98229293d9ac69f7430db7775510db8ed040), infinity=0
Bit  27 after doubling: Q = (INFINITY), infinity=3
Bit  26 after doubling: Q = (INFINITY), infinity=3
Bit  25 after doubling: Q = (INFINITY), infinity=3
Bit  25 after addition: Q = (a60b48fc47669978c08969e277f21b358a52380304b51ac37cf27b188d034f7e,9e04b79d227873d1ba7dade63ce98229293d9ac69f7430db7775510db8ed040), infinity=0
Bit  24 after doubling: Q = (INFINITY), infinity=3
Bit  24 after addition: Q = (a60b48fc47669978c08969e277f21b358a52380304b51ac37cf27b188d034f7e,9e04b79d227873d1ba7dade63ce98229293d9ac69f7430db7775510db8ed040), infinity=0
Bit  23 after doubling: Q = (INFINITY), infinity=3
Bit  22 after doubling: Q = (INFINITY), infinity=3
Bit  22 after addition: Q = (a60b48fc47669978c08969e277f21b358a52380304b51ac37cf27b188d034f7e,9e04b79d227873d1ba7dade63ce98229293d9ac69f7430db7775510db8ed040), infinity=0
Bit  21 after doubling: Q = (INFINITY), infinity=3
Bit  20 after doubling: Q = (INFINITY), infinity=3
Bit  19 after doubling: Q = (INFINITY), infinity=3
Bit  18 after doubling: Q = (INFINITY), infinity=3
Bit  17 after doubling: Q = (INFINITY), infinity=3
Bit  16 after doubling: Q = (INFINITY), infinity=3
Bit  15 after doubling: Q = (INFINITY), infinity=3
Bit  14 after doubling: Q = (INFINITY), infinity=3
Bit  13 after doubling: Q = (INFINITY), infinity=3
Bit  13 after addition: Q = (a60b48fc47669978c08969e277f21b358a52380304b51ac37cf27b188d034f7e,9e04b79d227873d1ba7dade63ce98229293d9ac69f7430db7775510db8ed040), infinity=0
Bit  12 after doubling: Q = (INFINITY), infinity=3
Bit  11 after doubling: Q = (INFINITY), infinity=3
Bit  11 after addition: Q = (a60b48fc47669978c08969e277f21b358a52380304b51ac37cf27b188d034f7e,9e04b79d227873d1ba7dade63ce98229293d9ac69f7430db7775510db8ed040), infinity=0
Bit  10 after doubling: Q = (INFINITY), infinity=3
Bit   9 after doubling: Q = (INFINITY), infinity=3
Bit   9 after addition: Q = (a60b48fc47669978c08969e277f21b358a52380304b51ac37cf27b188d034f7e,9e04b79d227873d1ba7dade63ce98229293d9ac69f7430db7775510db8ed040), infinity=0
Bit   8 after doubling: Q = (INFINITY), infinity=3
Bit   8 after addition: Q = (a60b48fc47669978c08969e277f21b358a52380304b51ac37cf27b188d034f7e,9e04b79d227873d1ba7dade63ce98229293d9ac69f7430db7775510db8ed040), infinity=0
Bit   7 after doubling: Q = (INFINITY), infinity=3
Bit   7 after addition: Q = (a60b48fc47669978c08969e277f21b358a52380304b51ac37cf27b188d034f7e,9e04b79d227873d1ba7dade63ce98229293d9ac69f7430db7775510db8ed040), infinity=0
Bit   6 after doubling: Q = (INFINITY), infinity=3
Bit   6 after addition: Q = (a60b48fc47669978c08969e277f21b358a52380304b51ac37cf27b188d034f7e,9e04b79d227873d1ba7dade63ce98229293d9ac69f7430db7775510db8ed040), infinity=0
Bit   5 after doubling: Q = (INFINITY), infinity=3
Bit   5 after addition: Q = (a60b48fc47669978c08969e277f21b358a52380304b51ac37cf27b188d034f7e,9e04b79d227873d1ba7dade63ce98229293d9ac69f7430db7775510db8ed040), infinity=0
Bit   4 after doubling: Q = (INFINITY), infinity=3
Bit   3 after doubling: Q = (INFINITY), infinity=3
Bit   3 after addition: Q = (a60b48fc47669978c08969e277f21b358a52380304b51ac37cf27b188d034f7e,9e04b79d227873d1ba7dade63ce98229293d9ac69f7430db7775510db8ed040), infinity=0
Bit   2 after doubling: Q = (INFINITY), infinity=3
Bit   1 after doubling: Q = (INFINITY), infinity=3
Bit   1 after addition: Q = (a60b48fc47669978c08969e277f21b358a52380304b51ac37cf27b188d034f7e,9e04b79d227873d1ba7dade63ce98229293d9ac69f7430db7775510db8ed040), infinity=0
Bit   0 after doubling: Q = (INFINITY), infinity=3
Bit   0 after addition: Q = (a60b48fc47669978c08969e277f21b358a52380304b51ac37cf27b188d034f7e,9e04b79d227873d1ba7dade63ce98229293d9ac69f7430db7775510db8ed040), infinity=0
Scalar multiplication completed: R = (a60b48fc47669978c08969e277f21b358a52380304b51ac37cf27b188d034f7e,9e04b79d227873d1ba7dade63ce98229293d9ac69f7430db7775510db8ed040), infinity=0
R_scalar: 0
